<?xml version="1.0" encoding="UTF-8"?>
<testsuite xmlns:xsi="http://www.w3.org/2001/XMLSchema-instance" xsi:noNamespaceSchemaLocation="https://maven.apache.org/surefire/maven-surefire-plugin/xsd/surefire-test-report-3.0.xsd" version="3.0" name="helloworld.AppTest" time="1.884" tests="1" errors="0" skipped="0" failures="0">
  <properties>
    <property name="java.specification.version" value="20"/>
    <property name="sun.jnu.encoding" value="UTF-8"/>
    <property name="java.class.path" value="/Users/raj/Documents/AWS/AWS-LEARNING/AWS-Lambda-Learning/DataTransformationExample/DataTransformationExample/target/test-classes:/Users/raj/Documents/AWS/AWS-LEARNING/AWS-Lambda-Learning/DataTransformationExample/DataTransformationExample/target/classes:/Users/raj/.m2/repository/software/amazon/lambda/powertools-tracing/1.17.0/powertools-tracing-1.17.0.jar:/Users/raj/.m2/repository/software/amazon/lambda/powertools-core/1.17.0/powertools-core-1.17.0.jar:/Users/raj/.m2/repository/software/amazon/awssdk/aws-core/2.20.129/aws-core-2.20.129.jar:/Users/raj/.m2/repository/software/amazon/awssdk/annotations/2.20.129/annotations-2.20.129.jar:/Users/raj/.m2/repository/software/amazon/awssdk/regions/2.20.129/regions-2.20.129.jar:/Users/raj/.m2/repository/software/amazon/awssdk/json-utils/2.20.129/json-utils-2.20.129.jar:/Users/raj/.m2/repository/software/amazon/awssdk/third-party-jackson-core/2.20.129/third-party-jackson-core-2.20.129.jar:/Users/raj/.m2/repository/software/amazon/awssdk/auth/2.20.129/auth-2.20.129.jar:/Users/raj/.m2/repository/software/amazon/awssdk/profiles/2.20.129/profiles-2.20.129.jar:/Users/raj/.m2/repository/software/amazon/awssdk/sdk-core/2.20.129/sdk-core-2.20.129.jar:/Users/raj/.m2/repository/org/reactivestreams/reactive-streams/1.0.3/reactive-streams-1.0.3.jar:/Users/raj/.m2/repository/software/amazon/awssdk/http-client-spi/2.20.129/http-client-spi-2.20.129.jar:/Users/raj/.m2/repository/software/amazon/awssdk/metrics-spi/2.20.129/metrics-spi-2.20.129.jar:/Users/raj/.m2/repository/software/amazon/awssdk/endpoints-spi/2.20.129/endpoints-spi-2.20.129.jar:/Users/raj/.m2/repository/software/amazon/awssdk/utils/2.20.129/utils-2.20.129.jar:/Users/raj/.m2/repository/software/amazon/eventstream/eventstream/1.0.1/eventstream-1.0.1.jar:/Users/raj/.m2/repository/org/aspectj/aspectjrt/1.9.7/aspectjrt-1.9.7.jar:/Users/raj/.m2/repository/com/amazonaws/aws-xray-recorder-sdk-core/2.14.0/aws-xray-recorder-sdk-core-2.14.0.jar:/Users/raj/.m2/repository/com/amazonaws/aws-java-sdk-xray/1.12.228/aws-java-sdk-xray-1.12.228.jar:/Users/raj/.m2/repository/com/amazonaws/aws-java-sdk-core/1.12.228/aws-java-sdk-core-1.12.228.jar:/Users/raj/.m2/repository/commons-logging/commons-logging/1.1.3/commons-logging-1.1.3.jar:/Users/raj/.m2/repository/commons-codec/commons-codec/1.15/commons-codec-1.15.jar:/Users/raj/.m2/repository/org/apache/httpcomponents/httpclient/4.5.13/httpclient-4.5.13.jar:/Users/raj/.m2/repository/org/apache/httpcomponents/httpcore/4.4.13/httpcore-4.4.13.jar:/Users/raj/.m2/repository/software/amazon/ion/ion-java/1.0.2/ion-java-1.0.2.jar:/Users/raj/.m2/repository/com/fasterxml/jackson/dataformat/jackson-dataformat-cbor/2.12.6/jackson-dataformat-cbor-2.12.6.jar:/Users/raj/.m2/repository/com/amazonaws/jmespath-java/1.12.228/jmespath-java-1.12.228.jar:/Users/raj/.m2/repository/com/amazonaws/aws-xray-recorder-sdk-aws-sdk-core/2.14.0/aws-xray-recorder-sdk-aws-sdk-core-2.14.0.jar:/Users/raj/.m2/repository/com/amazonaws/aws-xray-recorder-sdk-aws-sdk-v2/2.14.0/aws-xray-recorder-sdk-aws-sdk-v2-2.14.0.jar:/Users/raj/.m2/repository/com/amazonaws/aws-xray-recorder-sdk-aws-sdk-v2-instrumentor/2.14.0/aws-xray-recorder-sdk-aws-sdk-v2-instrumentor-2.14.0.jar:/Users/raj/.m2/repository/software/amazon/lambda/powertools-logging/1.17.0/powertools-logging-1.17.0.jar:/Users/raj/.m2/repository/com/fasterxml/jackson/core/jackson-databind/2.15.2/jackson-databind-2.15.2.jar:/Users/raj/.m2/repository/com/fasterxml/jackson/core/jackson-annotations/2.15.2/jackson-annotations-2.15.2.jar:/Users/raj/.m2/repository/com/fasterxml/jackson/core/jackson-core/2.15.2/jackson-core-2.15.2.jar:/Users/raj/.m2/repository/org/apache/logging/log4j/log4j-layout-template-json/2.20.0/log4j-layout-template-json-2.20.0.jar:/Users/raj/.m2/repository/org/apache/logging/log4j/log4j-core/2.20.0/log4j-core-2.20.0.jar:/Users/raj/.m2/repository/org/apache/logging/log4j/log4j-slf4j2-impl/2.20.0/log4j-slf4j2-impl-2.20.0.jar:/Users/raj/.m2/repository/org/slf4j/slf4j-api/2.0.6/slf4j-api-2.0.6.jar:/Users/raj/.m2/repository/org/apache/logging/log4j/log4j-api/2.20.0/log4j-api-2.20.0.jar:/Users/raj/.m2/repository/software/amazon/lambda/powertools-metrics/1.17.0/powertools-metrics-1.17.0.jar:/Users/raj/.m2/repository/software/amazon/cloudwatchlogs/aws-embedded-metrics/1.0.6/aws-embedded-metrics-1.0.6.jar:/Users/raj/.m2/repository/com/fasterxml/jackson/datatype/jackson-datatype-jsr310/2.11.1/jackson-datatype-jsr310-2.11.1.jar:/Users/raj/.m2/repository/org/javatuples/javatuples/1.2/javatuples-1.2.jar:/Users/raj/.m2/repository/com/amazonaws/aws-lambda-java-core/1.2.2/aws-lambda-java-core-1.2.2.jar:/Users/raj/.m2/repository/com/amazonaws/aws-lambda-java-events/3.11.0/aws-lambda-java-events-3.11.0.jar:/Users/raj/.m2/repository/joda-time/joda-time/2.6/joda-time-2.6.jar:/Users/raj/.m2/repository/junit/junit/4.13.2/junit-4.13.2.jar:/Users/raj/.m2/repository/org/hamcrest/hamcrest-core/1.3/hamcrest-core-1.3.jar:"/>
    <property name="java.vm.vendor" value="Homebrew"/>
    <property name="sun.arch.data.model" value="64"/>
    <property name="java.vendor.url" value="https://github.com/Homebrew/homebrew-core/issues"/>
    <property name="os.name" value="Mac OS X"/>
    <property name="java.vm.specification.version" value="20"/>
    <property name="sun.java.launcher" value="SUN_STANDARD"/>
    <property name="user.country" value="IN"/>
    <property name="sun.boot.library.path" value="/usr/local/Cellar/openjdk/20.0.1/libexec/openjdk.jdk/Contents/Home/lib"/>
    <property name="sun.java.command" value="/Users/raj/Documents/AWS/AWS-LEARNING/AWS-Lambda-Learning/DataTransformationExample/DataTransformationExample/target/surefire/surefirebooter-20230906183014557_3.jar /Users/raj/Documents/AWS/AWS-LEARNING/AWS-Lambda-Learning/DataTransformationExample/DataTransformationExample/target/surefire 2023-09-06T18-30-14_441-jvmRun1 surefire-20230906183014557_1tmp surefire_0-20230906183014557_2tmp"/>
    <property name="http.nonProxyHosts" value="local|*.local"/>
    <property name="jdk.debug" value="release"/>
    <property name="surefire.test.class.path" value="/Users/raj/Documents/AWS/AWS-LEARNING/AWS-Lambda-Learning/DataTransformationExample/DataTransformationExample/target/test-classes:/Users/raj/Documents/AWS/AWS-LEARNING/AWS-Lambda-Learning/DataTransformationExample/DataTransformationExample/target/classes:/Users/raj/.m2/repository/software/amazon/lambda/powertools-tracing/1.17.0/powertools-tracing-1.17.0.jar:/Users/raj/.m2/repository/software/amazon/lambda/powertools-core/1.17.0/powertools-core-1.17.0.jar:/Users/raj/.m2/repository/software/amazon/awssdk/aws-core/2.20.129/aws-core-2.20.129.jar:/Users/raj/.m2/repository/software/amazon/awssdk/annotations/2.20.129/annotations-2.20.129.jar:/Users/raj/.m2/repository/software/amazon/awssdk/regions/2.20.129/regions-2.20.129.jar:/Users/raj/.m2/repository/software/amazon/awssdk/json-utils/2.20.129/json-utils-2.20.129.jar:/Users/raj/.m2/repository/software/amazon/awssdk/third-party-jackson-core/2.20.129/third-party-jackson-core-2.20.129.jar:/Users/raj/.m2/repository/software/amazon/awssdk/auth/2.20.129/auth-2.20.129.jar:/Users/raj/.m2/repository/software/amazon/awssdk/profiles/2.20.129/profiles-2.20.129.jar:/Users/raj/.m2/repository/software/amazon/awssdk/sdk-core/2.20.129/sdk-core-2.20.129.jar:/Users/raj/.m2/repository/org/reactivestreams/reactive-streams/1.0.3/reactive-streams-1.0.3.jar:/Users/raj/.m2/repository/software/amazon/awssdk/http-client-spi/2.20.129/http-client-spi-2.20.129.jar:/Users/raj/.m2/repository/software/amazon/awssdk/metrics-spi/2.20.129/metrics-spi-2.20.129.jar:/Users/raj/.m2/repository/software/amazon/awssdk/endpoints-spi/2.20.129/endpoints-spi-2.20.129.jar:/Users/raj/.m2/repository/software/amazon/awssdk/utils/2.20.129/utils-2.20.129.jar:/Users/raj/.m2/repository/software/amazon/eventstream/eventstream/1.0.1/eventstream-1.0.1.jar:/Users/raj/.m2/repository/org/aspectj/aspectjrt/1.9.7/aspectjrt-1.9.7.jar:/Users/raj/.m2/repository/com/amazonaws/aws-xray-recorder-sdk-core/2.14.0/aws-xray-recorder-sdk-core-2.14.0.jar:/Users/raj/.m2/repository/com/amazonaws/aws-java-sdk-xray/1.12.228/aws-java-sdk-xray-1.12.228.jar:/Users/raj/.m2/repository/com/amazonaws/aws-java-sdk-core/1.12.228/aws-java-sdk-core-1.12.228.jar:/Users/raj/.m2/repository/commons-logging/commons-logging/1.1.3/commons-logging-1.1.3.jar:/Users/raj/.m2/repository/commons-codec/commons-codec/1.15/commons-codec-1.15.jar:/Users/raj/.m2/repository/org/apache/httpcomponents/httpclient/4.5.13/httpclient-4.5.13.jar:/Users/raj/.m2/repository/org/apache/httpcomponents/httpcore/4.4.13/httpcore-4.4.13.jar:/Users/raj/.m2/repository/software/amazon/ion/ion-java/1.0.2/ion-java-1.0.2.jar:/Users/raj/.m2/repository/com/fasterxml/jackson/dataformat/jackson-dataformat-cbor/2.12.6/jackson-dataformat-cbor-2.12.6.jar:/Users/raj/.m2/repository/com/amazonaws/jmespath-java/1.12.228/jmespath-java-1.12.228.jar:/Users/raj/.m2/repository/com/amazonaws/aws-xray-recorder-sdk-aws-sdk-core/2.14.0/aws-xray-recorder-sdk-aws-sdk-core-2.14.0.jar:/Users/raj/.m2/repository/com/amazonaws/aws-xray-recorder-sdk-aws-sdk-v2/2.14.0/aws-xray-recorder-sdk-aws-sdk-v2-2.14.0.jar:/Users/raj/.m2/repository/com/amazonaws/aws-xray-recorder-sdk-aws-sdk-v2-instrumentor/2.14.0/aws-xray-recorder-sdk-aws-sdk-v2-instrumentor-2.14.0.jar:/Users/raj/.m2/repository/software/amazon/lambda/powertools-logging/1.17.0/powertools-logging-1.17.0.jar:/Users/raj/.m2/repository/com/fasterxml/jackson/core/jackson-databind/2.15.2/jackson-databind-2.15.2.jar:/Users/raj/.m2/repository/com/fasterxml/jackson/core/jackson-annotations/2.15.2/jackson-annotations-2.15.2.jar:/Users/raj/.m2/repository/com/fasterxml/jackson/core/jackson-core/2.15.2/jackson-core-2.15.2.jar:/Users/raj/.m2/repository/org/apache/logging/log4j/log4j-layout-template-json/2.20.0/log4j-layout-template-json-2.20.0.jar:/Users/raj/.m2/repository/org/apache/logging/log4j/log4j-core/2.20.0/log4j-core-2.20.0.jar:/Users/raj/.m2/repository/org/apache/logging/log4j/log4j-slf4j2-impl/2.20.0/log4j-slf4j2-impl-2.20.0.jar:/Users/raj/.m2/repository/org/slf4j/slf4j-api/2.0.6/slf4j-api-2.0.6.jar:/Users/raj/.m2/repository/org/apache/logging/log4j/log4j-api/2.20.0/log4j-api-2.20.0.jar:/Users/raj/.m2/repository/software/amazon/lambda/powertools-metrics/1.17.0/powertools-metrics-1.17.0.jar:/Users/raj/.m2/repository/software/amazon/cloudwatchlogs/aws-embedded-metrics/1.0.6/aws-embedded-metrics-1.0.6.jar:/Users/raj/.m2/repository/com/fasterxml/jackson/datatype/jackson-datatype-jsr310/2.11.1/jackson-datatype-jsr310-2.11.1.jar:/Users/raj/.m2/repository/org/javatuples/javatuples/1.2/javatuples-1.2.jar:/Users/raj/.m2/repository/com/amazonaws/aws-lambda-java-core/1.2.2/aws-lambda-java-core-1.2.2.jar:/Users/raj/.m2/repository/com/amazonaws/aws-lambda-java-events/3.11.0/aws-lambda-java-events-3.11.0.jar:/Users/raj/.m2/repository/joda-time/joda-time/2.6/joda-time-2.6.jar:/Users/raj/.m2/repository/junit/junit/4.13.2/junit-4.13.2.jar:/Users/raj/.m2/repository/org/hamcrest/hamcrest-core/1.3/hamcrest-core-1.3.jar:"/>
    <property name="sun.cpu.endian" value="little"/>
    <property name="user.home" value="/Users/raj"/>
    <property name="user.language" value="en"/>
    <property name="java.specification.vendor" value="Oracle Corporation"/>
    <property name="java.version.date" value="2023-04-18"/>
    <property name="java.home" value="/usr/local/Cellar/openjdk/20.0.1/libexec/openjdk.jdk/Contents/Home"/>
    <property name="file.separator" value="/"/>
    <property name="basedir" value="/Users/raj/Documents/AWS/AWS-LEARNING/AWS-Lambda-Learning/DataTransformationExample/DataTransformationExample"/>
    <property name="java.vm.compressedOopsMode" value="Zero based"/>
    <property name="line.separator" value="&#10;"/>
    <property name="java.vm.specification.vendor" value="Oracle Corporation"/>
    <property name="java.specification.name" value="Java Platform API Specification"/>
    <property name="apple.awt.application.name" value="ForkedBooter"/>
    <property name="surefire.real.class.path" value="/Users/raj/Documents/AWS/AWS-LEARNING/AWS-Lambda-Learning/DataTransformationExample/DataTransformationExample/target/surefire/surefirebooter-20230906183014557_3.jar"/>
    <property name="sun.management.compiler" value="HotSpot 64-Bit Tiered Compilers"/>
    <property name="ftp.nonProxyHosts" value="local|*.local"/>
    <property name="java.runtime.version" value="20.0.1"/>
    <property name="user.name" value="raj"/>
    <property name="stdout.encoding" value="US-ASCII"/>
    <property name="path.separator" value=":"/>
    <property name="os.version" value="13.5"/>
    <property name="java.runtime.name" value="OpenJDK Runtime Environment"/>
    <property name="file.encoding" value="UTF-8"/>
    <property name="java.vm.name" value="OpenJDK 64-Bit Server VM"/>
    <property name="java.vendor.version" value="Homebrew"/>
    <property name="localRepository" value="/Users/raj/.m2/repository"/>
    <property name="java.vendor.url.bug" value="https://github.com/Homebrew/homebrew-core/issues"/>
    <property name="java.io.tmpdir" value="/var/folders/3t/qc900n5s2j97rqvb9vcv17_r0000gn/T/"/>
    <property name="java.version" value="20.0.1"/>
    <property name="user.dir" value="/Users/raj/Documents/AWS/AWS-LEARNING/AWS-Lambda-Learning/DataTransformationExample/DataTransformationExample"/>
    <property name="os.arch" value="x86_64"/>
    <property name="java.vm.specification.name" value="Java Virtual Machine Specification"/>
    <property name="native.encoding" value="US-ASCII"/>
    <property name="java.library.path" value="/Users/raj/Library/Java/Extensions:/Library/Java/Extensions:/Network/Library/Java/Extensions:/System/Library/Java/Extensions:/usr/lib/java:."/>
    <property name="java.vm.info" value="mixed mode, sharing"/>
    <property name="stderr.encoding" value="US-ASCII"/>
    <property name="java.vendor" value="Homebrew"/>
    <property name="java.vm.version" value="20.0.1"/>
    <property name="sun.io.unicode.encoding" value="UnicodeBig"/>
    <property name="socksNonProxyHosts" value="local|*.local"/>
    <property name="java.class.version" value="64.0"/>
  </properties>
  <testcase name="successfulResponse" classname="helloworld.AppTest" time="1.811">
    <system-out><![CDATA[{"timestamp":"2023-09-06T18:30:16.145+0100BST","instant":{"epochSecond":1694021416,"nanoOfSecond":145443000},"thread":"main","level":"INFO","loggerName":"com.datatransformation.App","message":"Retrieving https://checkip.amazonaws.com","endOfBatch":false,"loggerFqcn":"org.apache.logging.log4j.spi.AbstractLogger","threadId":1,"threadPriority":5}
]]></system-out>
    <system-err><![CDATA[Sept 06, 2023 6:30:16 PM com.amazonaws.xray.contexts.LambdaSegmentContext newFacadeSegment
WARNING: _X_AMZN_TRACE_ID is missing a trace ID, parent ID, or sampling decision. Subsegment ## handleRequest discarded.
]]></system-err>
  </testcase>
</testsuite>